<?xml version="1.0" encoding="UTF-8"?>
<testsuite name="springPrac.springboot.domain.posts.PostsRepositoryTest" tests="1" skipped="0" failures="0" errors="0" timestamp="2024-07-24T11:23:53" hostname="gimsongmog-ui-MacBookPro.local" time="0.575">
  <properties/>
  <testcase name="BaseTimeEntity_등록()" classname="springPrac.springboot.domain.posts.PostsRepositoryTest" time="0.575"/>
  <system-out><![CDATA[20:23:47.358 [Test worker] DEBUG org.springframework.boot.test.context.SpringBootTestContextBootstrapper -- Neither @ContextConfiguration nor @ContextHierarchy found for test class [PostsRepositoryTest]: using SpringBootContextLoader
20:23:47.365 [Test worker] DEBUG org.springframework.test.context.support.AbstractContextLoader -- Could not detect default resource locations for test class [springPrac.springboot.domain.posts.PostsRepositoryTest]: no resource found for suffixes {-context.xml, Context.groovy}.
20:23:47.366 [Test worker] INFO org.springframework.test.context.support.AnnotationConfigContextLoaderUtils -- Could not detect default configuration classes for test class [springPrac.springboot.domain.posts.PostsRepositoryTest]: PostsRepositoryTest does not declare any static, non-private, non-final, nested classes annotated with @Configuration.
20:23:47.395 [Test worker] DEBUG org.springframework.boot.test.context.SpringBootTestContextBootstrapper -- Using ContextCustomizers for test class [PostsRepositoryTest]: [DisableObservabilityContextCustomizer, PropertyMappingContextCustomizer, Customizer, ExcludeFilterContextCustomizer, DuplicateJsonObjectContextCustomizer, MockitoContextCustomizer, TestRestTemplateContextCustomizer]
20:23:47.540 [Test worker] DEBUG org.springframework.context.annotation.ClassPathScanningCandidateComponentProvider -- Identified candidate component class: file [/Users/kimsongmok/Downloads/Springboot_AWS_study/build/classes/java/main/springPrac/springboot/Application.class]
20:23:47.543 [Test worker] INFO org.springframework.boot.test.context.SpringBootTestContextBootstrapper -- Found @SpringBootConfiguration springPrac.springboot.Application for test class springPrac.springboot.domain.posts.PostsRepositoryTest
20:23:47.648 [Test worker] DEBUG org.springframework.boot.test.context.SpringBootTestContextBootstrapper -- Using TestExecutionListeners for test class [PostsRepositoryTest]: [ServletTestExecutionListener, DirtiesContextBeforeModesTestExecutionListener, ApplicationEventsTestExecutionListener, MockitoTestExecutionListener, DependencyInjectionTestExecutionListener, DirtiesContextTestExecutionListener, TransactionalTestExecutionListener, SqlScriptsTestExecutionListener, EventPublishingTestExecutionListener, RestDocsTestExecutionListener, MockRestServiceServerResetTestExecutionListener, MockMvcPrintOnlyOnFailureTestExecutionListener, WebDriverTestExecutionListener, MockWebServiceServerTestExecutionListener, ResetMocksTestExecutionListener]
20:23:47.651 [Test worker] DEBUG org.springframework.test.context.support.AbstractDirtiesContextTestExecutionListener -- Before test class: class [PostsRepositoryTest], class annotated with @DirtiesContext [false] with mode [null]

  .   ____          _            __ _ _
 /\\ / ___'_ __ _ _(_)_ __  __ _ \ \ \ \
( ( )\___ | '_ | '_| | '_ \/ _` | \ \ \ \
 \\/  ___)| |_)| | | | | || (_| |  ) ) ) )
  '  |____| .__|_| |_|_| |_\__, | / / / /
 =========|_|==============|___/=/_/_/_/
 :: Spring Boot ::                (v3.0.5)

2024-07-24T20:23:48.073+09:00  INFO 75776 --- [    Test worker] s.s.domain.posts.PostsRepositoryTest     : Starting PostsRepositoryTest using Java 17.0.12 with PID 75776 (started by kimsongmok in /Users/kimsongmok/Downloads/Springboot_AWS_study)
2024-07-24T20:23:48.076+09:00  INFO 75776 --- [    Test worker] s.s.domain.posts.PostsRepositoryTest     : No active profile set, falling back to 1 default profile: "default"
2024-07-24T20:23:49.209+09:00  INFO 75776 --- [    Test worker] .s.d.r.c.RepositoryConfigurationDelegate : Bootstrapping Spring Data JPA repositories in DEFAULT mode.
2024-07-24T20:23:49.343+09:00  INFO 75776 --- [    Test worker] .s.d.r.c.RepositoryConfigurationDelegate : Finished Spring Data repository scanning in 123 ms. Found 1 JPA repository interfaces.
2024-07-24T20:23:50.025+09:00  INFO 75776 --- [    Test worker] com.zaxxer.hikari.HikariDataSource       : HikariPool-1 - Starting...
2024-07-24T20:23:50.181+09:00  INFO 75776 --- [    Test worker] com.zaxxer.hikari.pool.HikariPool        : HikariPool-1 - Added connection conn0: url=jdbc:h2:mem:testdb user=SA
2024-07-24T20:23:50.184+09:00  INFO 75776 --- [    Test worker] com.zaxxer.hikari.HikariDataSource       : HikariPool-1 - Start completed.
2024-07-24T20:23:50.429+09:00  INFO 75776 --- [    Test worker] o.hibernate.jpa.internal.util.LogHelper  : HHH000204: Processing PersistenceUnitInfo [name: default]
2024-07-24T20:23:50.476+09:00  INFO 75776 --- [    Test worker] org.hibernate.Version                    : HHH000412: Hibernate ORM core version 6.1.7.Final
2024-07-24T20:23:50.831+09:00  INFO 75776 --- [    Test worker] SQL dialect                              : HHH000400: Using dialect: org.hibernate.dialect.MySQL57Dialect
2024-07-24T20:23:50.834+09:00  WARN 75776 --- [    Test worker] org.hibernate.orm.deprecation            : HHH90000026: MySQL57Dialect has been deprecated; use org.hibernate.dialect.MySQLDialect instead
Hibernate: create table posts (id bigint not null auto_increment, created_date datetime(6), modified_date datetime(6), author varchar(255), content TEXT not null, title varchar(500) not null, primary key (id)) engine=InnoDB
2024-07-24T20:23:51.597+09:00  INFO 75776 --- [    Test worker] o.h.e.t.j.p.i.JtaPlatformInitiator       : HHH000490: Using JtaPlatform implementation: [org.hibernate.engine.transaction.jta.platform.internal.NoJtaPlatform]
2024-07-24T20:23:51.606+09:00  INFO 75776 --- [    Test worker] j.LocalContainerEntityManagerFactoryBean : Initialized JPA EntityManagerFactory for persistence unit 'default'
2024-07-24T20:23:52.181+09:00  WARN 75776 --- [    Test worker] JpaBaseConfiguration$JpaWebConfiguration : spring.jpa.open-in-view is enabled by default. Therefore, database queries may be performed during view rendering. Explicitly configure spring.jpa.open-in-view to disable this warning
2024-07-24T20:23:52.727+09:00  WARN 75776 --- [    Test worker] ion$DefaultTemplateResolverConfiguration : Cannot find template location: classpath:/templates/ (please add some templates, check your Thymeleaf configuration, or set spring.thymeleaf.check-template-location=false)
2024-07-24T20:23:52.834+09:00  INFO 75776 --- [    Test worker] o.s.b.a.h2.H2ConsoleAutoConfiguration    : H2 console available at '/h2-console'. Database available at 'jdbc:h2:mem:testdb'
2024-07-24T20:23:53.074+09:00  INFO 75776 --- [    Test worker] s.s.domain.posts.PostsRepositoryTest     : Started PostsRepositoryTest in 5.373 seconds (process running for 6.94)
Hibernate: insert into posts (author, content, created_date, modified_date, title) values (?, ?, ?, ?, ?)
Hibernate: select p1_0.id,p1_0.author,p1_0.content,p1_0.created_date,p1_0.modified_date,p1_0.title from posts p1_0
>>>>>>>> createDate=2024-07-24T20:23:53.430930modifiedDate=2024-07-24T20:23:53.430930
Hibernate: select p1_0.id,p1_0.author,p1_0.content,p1_0.created_date,p1_0.modified_date,p1_0.title from posts p1_0
Hibernate: delete from posts where id=?
]]></system-out>
  <system-err><![CDATA[]]></system-err>
</testsuite>
