<?xml version="1.0" encoding="UTF-8"?>
<testsuite name="springPrac.springboot.web.HelloControllerTest" tests="1" skipped="0" failures="0" errors="0" timestamp="2024-07-17T09:52:12" hostname="gimsongmog-ui-MacBookPro.local" time="0.593">
  <properties/>
  <testcase name="helloDtop가_리턴된다()" classname="springPrac.springboot.web.HelloControllerTest" time="0.593"/>
  <system-out><![CDATA[18:52:10.407 [Test worker] DEBUG org.springframework.boot.test.autoconfigure.web.servlet.WebMvcTestContextBootstrapper -- Neither @ContextConfiguration nor @ContextHierarchy found for test class [HelloControllerTest]: using SpringBootContextLoader
18:52:10.414 [Test worker] DEBUG org.springframework.test.context.support.AbstractContextLoader -- Could not detect default resource locations for test class [springPrac.springboot.web.HelloControllerTest]: no resource found for suffixes {-context.xml, Context.groovy}.
18:52:10.415 [Test worker] INFO org.springframework.test.context.support.AnnotationConfigContextLoaderUtils -- Could not detect default configuration classes for test class [springPrac.springboot.web.HelloControllerTest]: HelloControllerTest does not declare any static, non-private, non-final, nested classes annotated with @Configuration.
18:52:10.491 [Test worker] DEBUG org.springframework.boot.test.autoconfigure.web.servlet.WebMvcTestContextBootstrapper -- Using ContextCustomizers for test class [HelloControllerTest]: [DisableAutoConfigurationContextCustomizer, DisableObservabilityContextCustomizer, TypeExcludeFiltersContextCustomizer, PropertyMappingContextCustomizer, Customizer, ImportsContextCustomizer, ExcludeFilterContextCustomizer, DuplicateJsonObjectContextCustomizer, MockitoContextCustomizer]
18:52:10.626 [Test worker] DEBUG org.springframework.context.annotation.ClassPathScanningCandidateComponentProvider -- Identified candidate component class: file [/Users/kimsongmok/Downloads/untitled2/build/classes/java/main/springPrac/springboot/Application.class]
18:52:10.630 [Test worker] INFO org.springframework.boot.test.context.SpringBootTestContextBootstrapper -- Found @SpringBootConfiguration springPrac.springboot.Application for test class springPrac.springboot.web.HelloControllerTest
18:52:10.657 [Test worker] DEBUG org.springframework.boot.test.autoconfigure.web.servlet.WebMvcTestContextBootstrapper -- Using TestExecutionListeners for test class [HelloControllerTest]: [ServletTestExecutionListener, DirtiesContextBeforeModesTestExecutionListener, ApplicationEventsTestExecutionListener, MockitoTestExecutionListener, DependencyInjectionTestExecutionListener, DirtiesContextTestExecutionListener, TransactionalTestExecutionListener, SqlScriptsTestExecutionListener, EventPublishingTestExecutionListener, RestDocsTestExecutionListener, MockRestServiceServerResetTestExecutionListener, MockMvcPrintOnlyOnFailureTestExecutionListener, WebDriverTestExecutionListener, MockWebServiceServerTestExecutionListener, ResetMocksTestExecutionListener]
18:52:10.658 [Test worker] DEBUG org.springframework.test.context.support.AbstractDirtiesContextTestExecutionListener -- Before test class: class [HelloControllerTest], class annotated with @DirtiesContext [false] with mode [null]
18:52:10.682 [Test worker] DEBUG org.springframework.test.context.support.DependencyInjectionTestExecutionListener -- Performing dependency injection for test class springPrac.springboot.web.HelloControllerTest

  .   ____          _            __ _ _
 /\\ / ___'_ __ _ _(_)_ __  __ _ \ \ \ \
( ( )\___ | '_ | '_| | '_ \/ _` | \ \ \ \
 \\/  ___)| |_)| | | | | || (_| |  ) ) ) )
  '  |____| .__|_| |_|_| |_\__, | / / / /
 =========|_|==============|___/=/_/_/_/
 :: Spring Boot ::                (v3.0.5)

2024-07-17T18:52:11.155+09:00  INFO 35478 --- [    Test worker] s.springboot.web.HelloControllerTest     : Starting HelloControllerTest using Java 17.0.12 with PID 35478 (started by kimsongmok in /Users/kimsongmok/Downloads/untitled2)
2024-07-17T18:52:11.157+09:00  INFO 35478 --- [    Test worker] s.springboot.web.HelloControllerTest     : No active profile set, falling back to 1 default profile: "default"
2024-07-17T18:52:12.772+09:00  WARN 35478 --- [    Test worker] ion$DefaultTemplateResolverConfiguration : Cannot find template location: classpath:/templates/ (please add some templates, check your Thymeleaf configuration, or set spring.thymeleaf.check-template-location=false)
2024-07-17T18:52:12.830+09:00  INFO 35478 --- [    Test worker] o.s.b.t.m.w.SpringBootMockServletContext : Initializing Spring TestDispatcherServlet ''
2024-07-17T18:52:12.830+09:00  INFO 35478 --- [    Test worker] o.s.t.web.servlet.TestDispatcherServlet  : Initializing Servlet ''
2024-07-17T18:52:12.848+09:00  INFO 35478 --- [    Test worker] o.s.t.web.servlet.TestDispatcherServlet  : Completed initialization in 12 ms
2024-07-17T18:52:12.898+09:00  INFO 35478 --- [    Test worker] s.springboot.web.HelloControllerTest     : Started HelloControllerTest in 2.171 seconds (process running for 3.77)
]]></system-out>
  <system-err><![CDATA[]]></system-err>
</testsuite>
